2026-01-13 22:00:25,554 [INFO] Starting training with TNNI3-FAPPC-DTD model.
2026-01-13 22:00:27,567 [INFO] Epoch 1/100 | Train Loss: 0.6682 | Val Loss: 0.6007
2026-01-13 22:00:27,579 [INFO] Epoch 2/100 | Train Loss: 0.6163 | Val Loss: 0.5426
2026-01-13 22:00:27,620 [INFO] Epoch 3/100 | Train Loss: 0.5480 | Val Loss: 0.4839
2026-01-13 22:00:27,630 [INFO] Epoch 4/100 | Train Loss: 0.4915 | Val Loss: 0.4249
2026-01-13 22:00:27,639 [INFO] Epoch 5/100 | Train Loss: 0.4435 | Val Loss: 0.3662
2026-01-13 22:00:27,649 [INFO] Epoch 6/100 | Train Loss: 0.3916 | Val Loss: 0.3072
2026-01-13 22:00:27,658 [INFO] Epoch 7/100 | Train Loss: 0.3252 | Val Loss: 0.2482
2026-01-13 22:00:27,724 [INFO] Epoch 8/100 | Train Loss: 0.2612 | Val Loss: 0.1903
2026-01-13 22:00:27,734 [INFO] Epoch 9/100 | Train Loss: 0.2141 | Val Loss: 0.1369
2026-01-13 22:00:27,744 [INFO] Epoch 10/100 | Train Loss: 0.1440 | Val Loss: 0.0936
2026-01-13 22:00:27,754 [INFO] Epoch 11/100 | Train Loss: 0.0902 | Val Loss: 0.0667
2026-01-13 22:00:27,820 [INFO] Epoch 12/100 | Train Loss: 0.0585 | Val Loss: 0.0631
2026-01-13 22:00:27,830 [INFO] Epoch 13/100 | Train Loss: 0.0492 | Val Loss: 0.0839
2026-01-13 22:00:27,835 [INFO] Epoch 14/100 | Train Loss: 0.0636 | Val Loss: 0.1140
2026-01-13 22:00:27,841 [INFO] Epoch 15/100 | Train Loss: 0.0979 | Val Loss: 0.1326
2026-01-13 22:00:27,846 [INFO] Epoch 16/100 | Train Loss: 0.1052 | Val Loss: 0.1331
2026-01-13 22:00:27,851 [INFO] Epoch 17/100 | Train Loss: 0.1181 | Val Loss: 0.1151
2026-01-13 22:00:27,856 [INFO] Epoch 18/100 | Train Loss: 0.0700 | Val Loss: 0.0910
2026-01-13 22:00:27,922 [INFO] Epoch 19/100 | Train Loss: 0.0688 | Val Loss: 0.0662
2026-01-13 22:00:27,932 [INFO] Epoch 20/100 | Train Loss: 0.0477 | Val Loss: 0.0460
2026-01-13 22:00:27,943 [INFO] Epoch 21/100 | Train Loss: 0.0378 | Val Loss: 0.0325
2026-01-13 22:00:27,953 [INFO] Epoch 22/100 | Train Loss: 0.0250 | Val Loss: 0.0252
2026-01-13 22:00:27,962 [INFO] Epoch 23/100 | Train Loss: 0.0281 | Val Loss: 0.0230
2026-01-13 22:00:28,024 [INFO] Epoch 24/100 | Train Loss: 0.0284 | Val Loss: 0.0236
2026-01-13 22:00:28,030 [INFO] Epoch 25/100 | Train Loss: 0.0241 | Val Loss: 0.0255
2026-01-13 22:00:28,035 [INFO] Epoch 26/100 | Train Loss: 0.0256 | Val Loss: 0.0277
2026-01-13 22:00:28,040 [INFO] Epoch 27/100 | Train Loss: 0.0318 | Val Loss: 0.0292
2026-01-13 22:00:28,046 [INFO] Epoch 28/100 | Train Loss: 0.0428 | Val Loss: 0.0293
2026-01-13 22:00:28,051 [INFO] Epoch 29/100 | Train Loss: 0.0341 | Val Loss: 0.0284
2026-01-13 22:00:28,056 [INFO] Epoch 30/100 | Train Loss: 0.0401 | Val Loss: 0.0261
2026-01-13 22:00:28,062 [INFO] Epoch 31/100 | Train Loss: 0.0461 | Val Loss: 0.0226
2026-01-13 22:00:28,129 [INFO] Epoch 32/100 | Train Loss: 0.0362 | Val Loss: 0.0187
2026-01-13 22:00:28,139 [INFO] Epoch 33/100 | Train Loss: 0.0299 | Val Loss: 0.0151
2026-01-13 22:00:28,149 [INFO] Epoch 34/100 | Train Loss: 0.0287 | Val Loss: 0.0124
2026-01-13 22:00:28,158 [INFO] Epoch 35/100 | Train Loss: 0.0325 | Val Loss: 0.0108
2026-01-13 22:00:28,220 [INFO] Epoch 36/100 | Train Loss: 0.0298 | Val Loss: 0.0106
2026-01-13 22:00:28,230 [INFO] Epoch 37/100 | Train Loss: 0.0256 | Val Loss: 0.0114
2026-01-13 22:00:28,236 [INFO] Epoch 38/100 | Train Loss: 0.0301 | Val Loss: 0.0125
2026-01-13 22:00:28,241 [INFO] Epoch 39/100 | Train Loss: 0.0248 | Val Loss: 0.0137
2026-01-13 22:00:28,247 [INFO] Epoch 40/100 | Train Loss: 0.0227 | Val Loss: 0.0146
2026-01-13 22:00:28,252 [INFO] Epoch 41/100 | Train Loss: 0.0294 | Val Loss: 0.0152
2026-01-13 22:00:28,258 [INFO] Epoch 42/100 | Train Loss: 0.0251 | Val Loss: 0.0157
2026-01-13 22:00:28,324 [INFO] Epoch 43/100 | Train Loss: 0.0227 | Val Loss: 0.0159
2026-01-13 22:00:28,329 [INFO] Epoch 44/100 | Train Loss: 0.0311 | Val Loss: 0.0156
2026-01-13 22:00:28,335 [INFO] Epoch 45/100 | Train Loss: 0.0198 | Val Loss: 0.0152
2026-01-13 22:00:28,340 [INFO] Epoch 46/100 | Train Loss: 0.0168 | Val Loss: 0.0149
2026-01-13 22:00:28,346 [INFO] Epoch 47/100 | Train Loss: 0.0171 | Val Loss: 0.0149
2026-01-13 22:00:28,351 [INFO] Epoch 48/100 | Train Loss: 0.0259 | Val Loss: 0.0148
2026-01-13 22:00:28,356 [INFO] Epoch 49/100 | Train Loss: 0.0222 | Val Loss: 0.0147
2026-01-13 22:00:28,361 [INFO] Epoch 50/100 | Train Loss: 0.0229 | Val Loss: 0.0146
2026-01-13 22:00:28,367 [INFO] Epoch 51/100 | Train Loss: 0.0202 | Val Loss: 0.0145
2026-01-13 22:00:28,419 [INFO] Early stopping triggered.
2026-01-13 22:00:28,431 [INFO] Final Test Loss: 0.0149
2026-01-13 22:00:28,432 [INFO] PV - Spearman: 0.000, Pearson: 0.000, MAE: 0.016, R²: 0.000
2026-01-13 22:00:28,432 [INFO] RV - Spearman: nan, Pearson: nan, MAE: 0.139, R²: -2071635165184.000
2026-01-13 22:03:45,541 [INFO] Starting training with TNNI3-FAPPC-DTD model.
2026-01-13 22:03:45,650 [INFO] Epoch 1/100 | Train Loss: 0.6682 | Val Loss: 0.6007
2026-01-13 22:03:45,660 [INFO] Epoch 2/100 | Train Loss: 0.6163 | Val Loss: 0.5426
2026-01-13 22:03:45,727 [INFO] Epoch 3/100 | Train Loss: 0.5480 | Val Loss: 0.4839
2026-01-13 22:03:45,737 [INFO] Epoch 4/100 | Train Loss: 0.4915 | Val Loss: 0.4249
2026-01-13 22:03:45,746 [INFO] Epoch 5/100 | Train Loss: 0.4435 | Val Loss: 0.3662
2026-01-13 22:03:45,756 [INFO] Epoch 6/100 | Train Loss: 0.3916 | Val Loss: 0.3072
2026-01-13 22:03:45,765 [INFO] Epoch 7/100 | Train Loss: 0.3252 | Val Loss: 0.2482
2026-01-13 22:03:45,829 [INFO] Epoch 8/100 | Train Loss: 0.2612 | Val Loss: 0.1903
2026-01-13 22:03:45,838 [INFO] Epoch 9/100 | Train Loss: 0.2141 | Val Loss: 0.1369
2026-01-13 22:03:45,846 [INFO] Epoch 10/100 | Train Loss: 0.1440 | Val Loss: 0.0936
2026-01-13 22:03:45,855 [INFO] Epoch 11/100 | Train Loss: 0.0902 | Val Loss: 0.0667
2026-01-13 22:03:45,920 [INFO] Epoch 12/100 | Train Loss: 0.0585 | Val Loss: 0.0631
2026-01-13 22:03:45,929 [INFO] Epoch 13/100 | Train Loss: 0.0492 | Val Loss: 0.0839
2026-01-13 22:03:45,934 [INFO] Epoch 14/100 | Train Loss: 0.0636 | Val Loss: 0.1140
2026-01-13 22:03:45,940 [INFO] Epoch 15/100 | Train Loss: 0.0979 | Val Loss: 0.1326
2026-01-13 22:03:45,945 [INFO] Epoch 16/100 | Train Loss: 0.1052 | Val Loss: 0.1331
2026-01-13 22:03:45,950 [INFO] Epoch 17/100 | Train Loss: 0.1181 | Val Loss: 0.1151
2026-01-13 22:03:45,956 [INFO] Epoch 18/100 | Train Loss: 0.0700 | Val Loss: 0.0910
2026-01-13 22:03:45,961 [INFO] Epoch 19/100 | Train Loss: 0.0688 | Val Loss: 0.0662
2026-01-13 22:03:46,020 [INFO] Epoch 20/100 | Train Loss: 0.0477 | Val Loss: 0.0460
2026-01-13 22:03:46,029 [INFO] Epoch 21/100 | Train Loss: 0.0378 | Val Loss: 0.0325
2026-01-13 22:03:46,037 [INFO] Epoch 22/100 | Train Loss: 0.0250 | Val Loss: 0.0252
2026-01-13 22:03:46,046 [INFO] Epoch 23/100 | Train Loss: 0.0281 | Val Loss: 0.0230
2026-01-13 22:03:46,055 [INFO] Epoch 24/100 | Train Loss: 0.0284 | Val Loss: 0.0236
2026-01-13 22:03:46,120 [INFO] Epoch 25/100 | Train Loss: 0.0241 | Val Loss: 0.0255
2026-01-13 22:03:46,126 [INFO] Epoch 26/100 | Train Loss: 0.0256 | Val Loss: 0.0277
2026-01-13 22:03:46,131 [INFO] Epoch 27/100 | Train Loss: 0.0318 | Val Loss: 0.0292
2026-01-13 22:03:46,136 [INFO] Epoch 28/100 | Train Loss: 0.0428 | Val Loss: 0.0293
2026-01-13 22:03:46,142 [INFO] Epoch 29/100 | Train Loss: 0.0341 | Val Loss: 0.0284
2026-01-13 22:03:46,147 [INFO] Epoch 30/100 | Train Loss: 0.0401 | Val Loss: 0.0261
2026-01-13 22:03:46,152 [INFO] Epoch 31/100 | Train Loss: 0.0461 | Val Loss: 0.0226
2026-01-13 22:03:46,161 [INFO] Epoch 32/100 | Train Loss: 0.0362 | Val Loss: 0.0187
2026-01-13 22:03:46,227 [INFO] Epoch 33/100 | Train Loss: 0.0299 | Val Loss: 0.0151
2026-01-13 22:03:46,236 [INFO] Epoch 34/100 | Train Loss: 0.0287 | Val Loss: 0.0124
2026-01-13 22:03:46,245 [INFO] Epoch 35/100 | Train Loss: 0.0325 | Val Loss: 0.0108
2026-01-13 22:03:46,255 [INFO] Epoch 36/100 | Train Loss: 0.0298 | Val Loss: 0.0106
2026-01-13 22:03:46,263 [INFO] Epoch 37/100 | Train Loss: 0.0256 | Val Loss: 0.0114
2026-01-13 22:03:46,321 [INFO] Epoch 38/100 | Train Loss: 0.0301 | Val Loss: 0.0125
2026-01-13 22:03:46,327 [INFO] Epoch 39/100 | Train Loss: 0.0248 | Val Loss: 0.0137
2026-01-13 22:03:46,332 [INFO] Epoch 40/100 | Train Loss: 0.0227 | Val Loss: 0.0146
2026-01-13 22:03:46,337 [INFO] Epoch 41/100 | Train Loss: 0.0294 | Val Loss: 0.0152
2026-01-13 22:03:46,343 [INFO] Epoch 42/100 | Train Loss: 0.0251 | Val Loss: 0.0157
2026-01-13 22:03:46,348 [INFO] Epoch 43/100 | Train Loss: 0.0227 | Val Loss: 0.0159
2026-01-13 22:03:46,353 [INFO] Epoch 44/100 | Train Loss: 0.0311 | Val Loss: 0.0156
2026-01-13 22:03:46,358 [INFO] Epoch 45/100 | Train Loss: 0.0198 | Val Loss: 0.0152
2026-01-13 22:03:46,424 [INFO] Epoch 46/100 | Train Loss: 0.0168 | Val Loss: 0.0149
2026-01-13 22:03:46,430 [INFO] Epoch 47/100 | Train Loss: 0.0171 | Val Loss: 0.0149
2026-01-13 22:03:46,435 [INFO] Epoch 48/100 | Train Loss: 0.0259 | Val Loss: 0.0148
2026-01-13 22:03:46,440 [INFO] Epoch 49/100 | Train Loss: 0.0222 | Val Loss: 0.0147
2026-01-13 22:03:46,445 [INFO] Epoch 50/100 | Train Loss: 0.0229 | Val Loss: 0.0146
2026-01-13 22:03:46,450 [INFO] Epoch 51/100 | Train Loss: 0.0202 | Val Loss: 0.0145
2026-01-13 22:03:46,451 [INFO] Early stopping triggered.
2026-01-13 22:03:46,460 [INFO] Final Test Loss: 0.0149
2026-01-13 22:03:46,461 [INFO] PV - Spearman: 0.000, Pearson: 0.000, MAE: 0.016, R²: 0.000
2026-01-13 22:03:46,519 [INFO] RV - Spearman: nan, Pearson: nan, MAE: 0.139, R²: -2071635165184.000
2026-01-13 22:13:18,578 [INFO] Starting training with TNNI3-FAPPC-DTD model.
2026-01-13 22:13:18,840 [INFO] Epoch 1/100 | Train Loss: 1.6171 | Val Loss: 1.6592
2026-01-13 22:13:19,030 [INFO] Epoch 2/100 | Train Loss: 1.2886 | Val Loss: 1.4724
2026-01-13 22:13:19,221 [INFO] Epoch 3/100 | Train Loss: 0.9511 | Val Loss: 0.9539
2026-01-13 22:13:19,356 [INFO] Epoch 4/100 | Train Loss: 0.4939 | Val Loss: 0.7500
2026-01-13 22:13:19,539 [INFO] Epoch 5/100 | Train Loss: 0.3358 | Val Loss: 0.5407
2026-01-13 22:13:19,731 [INFO] Epoch 6/100 | Train Loss: 0.2900 | Val Loss: 0.6265
2026-01-13 22:13:19,866 [INFO] Epoch 7/100 | Train Loss: 0.2551 | Val Loss: 0.5826
2026-01-13 22:13:20,058 [INFO] Epoch 8/100 | Train Loss: 0.2259 | Val Loss: 0.5023
2026-01-13 22:13:20,255 [INFO] Epoch 9/100 | Train Loss: 0.1971 | Val Loss: 0.5913
2026-01-13 22:13:20,438 [INFO] Epoch 10/100 | Train Loss: 0.1823 | Val Loss: 0.5504
2026-01-13 22:13:20,627 [INFO] Epoch 11/100 | Train Loss: 0.1790 | Val Loss: 0.4870
2026-01-13 22:13:20,757 [INFO] Epoch 12/100 | Train Loss: 0.1451 | Val Loss: 0.5988
2026-01-13 22:13:20,942 [INFO] Epoch 13/100 | Train Loss: 0.1757 | Val Loss: 0.5159
2026-01-13 22:13:21,130 [INFO] Epoch 14/100 | Train Loss: 0.1318 | Val Loss: 0.5368
2026-01-13 22:13:21,260 [INFO] Epoch 15/100 | Train Loss: 0.1442 | Val Loss: 0.5698
2026-01-13 22:13:21,446 [INFO] Epoch 16/100 | Train Loss: 0.1285 | Val Loss: 0.5390
2026-01-13 22:13:21,632 [INFO] Epoch 17/100 | Train Loss: 0.1389 | Val Loss: 0.5577
2026-01-13 22:13:21,821 [INFO] Epoch 18/100 | Train Loss: 0.1504 | Val Loss: 0.5790
2026-01-13 22:13:21,954 [INFO] Epoch 19/100 | Train Loss: 0.1128 | Val Loss: 0.6113
2026-01-13 22:13:22,137 [INFO] Epoch 20/100 | Train Loss: 0.1122 | Val Loss: 0.5880
2026-01-13 22:13:22,322 [INFO] Epoch 21/100 | Train Loss: 0.1151 | Val Loss: 0.5934
2026-01-13 22:13:22,459 [INFO] Epoch 22/100 | Train Loss: 0.1207 | Val Loss: 0.5852
2026-01-13 22:13:22,643 [INFO] Epoch 23/100 | Train Loss: 0.1264 | Val Loss: 0.5405
2026-01-13 22:13:22,830 [INFO] Epoch 24/100 | Train Loss: 0.1160 | Val Loss: 0.5694
2026-01-13 22:13:22,965 [INFO] Epoch 25/100 | Train Loss: 0.1082 | Val Loss: 0.5265
2026-01-13 22:13:23,148 [INFO] Epoch 26/100 | Train Loss: 0.1106 | Val Loss: 0.5810
2026-01-13 22:13:23,149 [INFO] Early stopping triggered.
2026-01-13 22:13:23,166 [INFO] Final Test Loss: 0.4407
2026-01-13 22:13:23,220 [INFO] PV - Spearman: 0.849, Pearson: 0.984, MAE: 0.235, R²: 0.966
2026-01-13 22:13:23,220 [INFO] RV - Spearman: 0.000, Pearson: 0.000, MAE: 0.210, R²: 0.000
2026-01-13 22:16:42,812 [INFO] Starting training with TNNI3-FAPPC-DTD model.
2026-01-13 22:16:43,036 [INFO] Epoch 1/100 | Train Loss: 1.5523 | Val Loss: 1.7500
2026-01-13 22:16:43,222 [INFO] Epoch 2/100 | Train Loss: 1.2750 | Val Loss: 1.4798
2026-01-13 22:16:43,357 [INFO] Epoch 3/100 | Train Loss: 0.8951 | Val Loss: 0.8974
2026-01-13 22:16:43,539 [INFO] Epoch 4/100 | Train Loss: 0.4533 | Val Loss: 0.6501
2026-01-13 22:16:43,728 [INFO] Epoch 5/100 | Train Loss: 0.2927 | Val Loss: 0.5109
2026-01-13 22:16:43,862 [INFO] Epoch 6/100 | Train Loss: 0.2454 | Val Loss: 0.4819
2026-01-13 22:16:44,047 [INFO] Epoch 7/100 | Train Loss: 0.2329 | Val Loss: 0.4663
2026-01-13 22:16:44,235 [INFO] Epoch 8/100 | Train Loss: 0.1961 | Val Loss: 0.5008
2026-01-13 22:16:44,363 [INFO] Epoch 9/100 | Train Loss: 0.1823 | Val Loss: 0.4863
2026-01-13 22:16:44,544 [INFO] Epoch 10/100 | Train Loss: 0.1683 | Val Loss: 0.4701
2026-01-13 22:16:44,724 [INFO] Epoch 11/100 | Train Loss: 0.1585 | Val Loss: 0.4654
2026-01-13 22:16:44,857 [INFO] Epoch 12/100 | Train Loss: 0.1352 | Val Loss: 0.5026
2026-01-13 22:16:45,045 [INFO] Epoch 13/100 | Train Loss: 0.1386 | Val Loss: 0.4690
2026-01-13 22:16:45,237 [INFO] Epoch 14/100 | Train Loss: 0.1275 | Val Loss: 0.4377
2026-01-13 22:16:45,422 [INFO] Epoch 15/100 | Train Loss: 0.1392 | Val Loss: 0.4550
2026-01-13 22:16:45,545 [INFO] Epoch 16/100 | Train Loss: 0.1183 | Val Loss: 0.4439
2026-01-13 22:16:45,725 [INFO] Epoch 17/100 | Train Loss: 0.1307 | Val Loss: 0.4502
2026-01-13 22:16:45,849 [INFO] Epoch 18/100 | Train Loss: 0.1206 | Val Loss: 0.4724
2026-01-13 22:16:46,032 [INFO] Epoch 19/100 | Train Loss: 0.1145 | Val Loss: 0.4589
2026-01-13 22:16:46,161 [INFO] Epoch 20/100 | Train Loss: 0.1241 | Val Loss: 0.5335
2026-01-13 22:16:46,342 [INFO] Epoch 21/100 | Train Loss: 0.1229 | Val Loss: 0.4855
2026-01-13 22:16:46,520 [INFO] Epoch 22/100 | Train Loss: 0.1184 | Val Loss: 0.4674
2026-01-13 22:16:46,649 [INFO] Epoch 23/100 | Train Loss: 0.1099 | Val Loss: 0.4945
2026-01-13 22:16:46,831 [INFO] Epoch 24/100 | Train Loss: 0.1091 | Val Loss: 0.5123
2026-01-13 22:16:46,961 [INFO] Epoch 25/100 | Train Loss: 0.1106 | Val Loss: 0.4849
2026-01-13 22:16:47,142 [INFO] Epoch 26/100 | Train Loss: 0.1122 | Val Loss: 0.5056
2026-01-13 22:16:47,322 [INFO] Epoch 27/100 | Train Loss: 0.1037 | Val Loss: 0.5507
2026-01-13 22:16:47,451 [INFO] Epoch 28/100 | Train Loss: 0.1033 | Val Loss: 0.4556
2026-01-13 22:16:47,632 [INFO] Epoch 29/100 | Train Loss: 0.0981 | Val Loss: 0.4789
2026-01-13 22:16:47,633 [INFO] Early stopping triggered.
2026-01-13 22:16:47,650 [INFO] Final Test Loss: 0.4581
2026-01-13 22:16:47,650 [INFO] PV - Spearman: 0.848, Pearson: 0.988, MAE: 0.169, R²: 0.976
2026-01-13 22:16:47,650 [INFO] RV - Spearman: 0.000, Pearson: 0.000, MAE: 0.825, R²: 0.000
2026-01-13 22:21:36,242 [INFO] Starting training with TNNI3-FAPPC-DTD model.
2026-01-13 22:21:36,539 [INFO] Epoch 1/100 | Train Loss: 1.6152 | Val Loss: 1.7424
2026-01-13 22:21:36,742 [INFO] Epoch 2/100 | Train Loss: 1.2706 | Val Loss: 1.3900
2026-01-13 22:21:36,945 [INFO] Epoch 3/100 | Train Loss: 0.6711 | Val Loss: 0.7667
2026-01-13 22:21:37,148 [INFO] Epoch 4/100 | Train Loss: 0.3435 | Val Loss: 0.6384
2026-01-13 22:21:37,350 [INFO] Epoch 5/100 | Train Loss: 0.2779 | Val Loss: 0.5305
2026-01-13 22:21:37,557 [INFO] Epoch 6/100 | Train Loss: 0.2224 | Val Loss: 0.5004
2026-01-13 22:21:37,760 [INFO] Epoch 7/100 | Train Loss: 0.2273 | Val Loss: 0.4755
2026-01-13 22:21:37,958 [INFO] Epoch 8/100 | Train Loss: 0.1840 | Val Loss: 0.4727
2026-01-13 22:21:38,158 [INFO] Epoch 9/100 | Train Loss: 0.1666 | Val Loss: 0.4539
2026-01-13 22:21:38,361 [INFO] Epoch 10/100 | Train Loss: 0.1396 | Val Loss: 0.4289
2026-01-13 22:21:38,560 [INFO] Epoch 11/100 | Train Loss: 0.1559 | Val Loss: 0.4560
2026-01-13 22:21:38,759 [INFO] Epoch 12/100 | Train Loss: 0.1521 | Val Loss: 0.4968
2026-01-13 22:21:38,958 [INFO] Epoch 13/100 | Train Loss: 0.1344 | Val Loss: 0.4962
2026-01-13 22:21:39,154 [INFO] Epoch 14/100 | Train Loss: 0.1250 | Val Loss: 0.4665
2026-01-13 22:21:39,352 [INFO] Epoch 15/100 | Train Loss: 0.1236 | Val Loss: 0.5091
2026-01-13 22:21:39,550 [INFO] Epoch 16/100 | Train Loss: 0.1143 | Val Loss: 0.4493
2026-01-13 22:21:39,746 [INFO] Epoch 17/100 | Train Loss: 0.1147 | Val Loss: 0.5381
2026-01-13 22:21:39,940 [INFO] Epoch 18/100 | Train Loss: 0.1140 | Val Loss: 0.4733
2026-01-13 22:21:40,153 [INFO] Epoch 19/100 | Train Loss: 0.1147 | Val Loss: 0.5002
2026-01-13 22:21:40,355 [INFO] Epoch 20/100 | Train Loss: 0.1109 | Val Loss: 0.4951
2026-01-13 22:21:40,552 [INFO] Epoch 21/100 | Train Loss: 0.1092 | Val Loss: 0.5285
2026-01-13 22:21:40,750 [INFO] Epoch 22/100 | Train Loss: 0.1195 | Val Loss: 0.4751
2026-01-13 22:21:40,949 [INFO] Epoch 23/100 | Train Loss: 0.1120 | Val Loss: 0.4241
2026-01-13 22:21:41,149 [INFO] Epoch 24/100 | Train Loss: 0.1039 | Val Loss: 0.5116
2026-01-13 22:21:41,347 [INFO] Epoch 25/100 | Train Loss: 0.1118 | Val Loss: 0.5106
2026-01-13 22:21:41,545 [INFO] Epoch 26/100 | Train Loss: 0.0975 | Val Loss: 0.4858
2026-01-13 22:21:41,738 [INFO] Epoch 27/100 | Train Loss: 0.1073 | Val Loss: 0.4899
2026-01-13 22:21:41,935 [INFO] Epoch 28/100 | Train Loss: 0.1082 | Val Loss: 0.4842
2026-01-13 22:21:42,128 [INFO] Epoch 29/100 | Train Loss: 0.1003 | Val Loss: 0.5745
2026-01-13 22:21:42,330 [INFO] Epoch 30/100 | Train Loss: 0.1116 | Val Loss: 0.5477
2026-01-13 22:21:42,533 [INFO] Epoch 31/100 | Train Loss: 0.0951 | Val Loss: 0.4628
2026-01-13 22:21:42,732 [INFO] Epoch 32/100 | Train Loss: 0.1085 | Val Loss: 0.4633
2026-01-13 22:21:42,925 [INFO] Epoch 33/100 | Train Loss: 0.0958 | Val Loss: 0.4965
2026-01-13 22:21:43,121 [INFO] Epoch 34/100 | Train Loss: 0.0931 | Val Loss: 0.5171
2026-01-13 22:21:43,331 [INFO] Epoch 35/100 | Train Loss: 0.0850 | Val Loss: 0.5903
2026-01-13 22:21:43,531 [INFO] Epoch 36/100 | Train Loss: 0.0831 | Val Loss: 0.5596
2026-01-13 22:21:43,726 [INFO] Epoch 37/100 | Train Loss: 0.0903 | Val Loss: 0.5833
2026-01-13 22:21:43,929 [INFO] Epoch 38/100 | Train Loss: 0.0896 | Val Loss: 0.5955
2026-01-13 22:21:43,930 [INFO] Early stopping triggered.
2026-01-13 22:21:43,948 [INFO] Final Val Loss: 0.4241
2026-01-13 22:21:43,949 [INFO] PV - Spearman: 0.862, Pearson: 0.995, MAE: 0.133, R²: 0.986
2026-01-13 22:21:43,949 [INFO] RV - Spearman: 0.000, Pearson: 0.000, MAE: 0.134, R²: 0.000
2026-01-13 22:28:59,469 [INFO] Starting training with TNNI3-FAPPC-DTD model.
2026-01-13 22:28:59,559 [INFO] [DATA SPLIT] Train samples: 1337 | Val samples: 236
2026-01-13 22:28:59,560 [INFO] [DATA SPLIT] RV non-zero in train: 69
2026-01-13 22:28:59,560 [INFO] [DATA SPLIT] RV non-zero in val:   12
2026-01-13 22:28:59,561 [INFO] ✅ Validation set contains RV signal.
2026-01-13 22:28:59,823 [INFO] Epoch 1/100 | Train Loss: 1.5923 | Val Loss: 1.6120
2026-01-13 22:29:00,038 [INFO] Epoch 2/100 | Train Loss: 1.2715 | Val Loss: 1.2994
2026-01-13 22:29:00,254 [INFO] Epoch 3/100 | Train Loss: 0.6938 | Val Loss: 0.7276
2026-01-13 22:29:00,458 [INFO] Epoch 4/100 | Train Loss: 0.3924 | Val Loss: 0.6075
2026-01-13 22:29:00,666 [INFO] Epoch 5/100 | Train Loss: 0.2838 | Val Loss: 0.5362
2026-01-13 22:29:00,922 [INFO] Epoch 6/100 | Train Loss: 0.2257 | Val Loss: 0.5038
2026-01-13 22:29:01,136 [INFO] Epoch 7/100 | Train Loss: 0.1982 | Val Loss: 0.5117
2026-01-13 22:29:01,359 [INFO] Epoch 8/100 | Train Loss: 0.1800 | Val Loss: 0.5915
2026-01-13 22:29:01,558 [INFO] Epoch 9/100 | Train Loss: 0.1778 | Val Loss: 0.5400
2026-01-13 22:29:01,765 [INFO] Epoch 10/100 | Train Loss: 0.1580 | Val Loss: 0.4992
2026-01-13 22:29:01,961 [INFO] Epoch 11/100 | Train Loss: 0.1532 | Val Loss: 0.5219
2026-01-13 22:29:02,221 [INFO] Epoch 12/100 | Train Loss: 0.1518 | Val Loss: 0.4724
2026-01-13 22:29:02,429 [INFO] Epoch 13/100 | Train Loss: 0.1388 | Val Loss: 0.4161
2026-01-13 22:29:02,636 [INFO] Epoch 14/100 | Train Loss: 0.1181 | Val Loss: 0.4464
2026-01-13 22:29:02,836 [INFO] Epoch 15/100 | Train Loss: 0.1150 | Val Loss: 0.4244
2026-01-13 22:29:03,042 [INFO] Epoch 16/100 | Train Loss: 0.1216 | Val Loss: 0.4212
2026-01-13 22:29:03,239 [INFO] Epoch 17/100 | Train Loss: 0.1180 | Val Loss: 0.4938
2026-01-13 22:29:03,439 [INFO] Epoch 18/100 | Train Loss: 0.1242 | Val Loss: 0.4876
2026-01-13 22:29:03,638 [INFO] Epoch 19/100 | Train Loss: 0.1138 | Val Loss: 0.5476
2026-01-13 22:29:03,837 [INFO] Epoch 20/100 | Train Loss: 0.1072 | Val Loss: 0.4875
2026-01-13 22:29:04,037 [INFO] Epoch 21/100 | Train Loss: 0.1081 | Val Loss: 0.5706
2026-01-13 22:29:04,234 [INFO] Epoch 22/100 | Train Loss: 0.1092 | Val Loss: 0.4968
2026-01-13 22:29:04,430 [INFO] Epoch 23/100 | Train Loss: 0.1076 | Val Loss: 0.5050
2026-01-13 22:29:04,631 [INFO] Epoch 24/100 | Train Loss: 0.1058 | Val Loss: 0.4653
2026-01-13 22:29:04,856 [INFO] Epoch 25/100 | Train Loss: 0.1012 | Val Loss: 0.4659
2026-01-13 22:29:05,055 [INFO] Epoch 26/100 | Train Loss: 0.0920 | Val Loss: 0.5871
2026-01-13 22:29:05,323 [INFO] Epoch 27/100 | Train Loss: 0.1068 | Val Loss: 0.5463
2026-01-13 22:29:05,521 [INFO] Epoch 28/100 | Train Loss: 0.0946 | Val Loss: 0.5519
2026-01-13 22:29:05,522 [INFO] Early stopping triggered.
2026-01-13 22:29:05,540 [INFO] Final Val Loss: 0.4161
2026-01-13 22:29:05,541 [INFO] PV - Spearman: 0.792, Pearson: 0.981, MAE: 0.175, R²: 0.958
2026-01-13 22:29:05,541 [INFO] RV - Spearman: nan, Pearson: nan, MAE: 0.246, R²: -4779643240448.000
2026-01-13 22:49:55,163 [INFO] Starting training with TNNI3-FAPPC-DTD model (RV as binary classification).
2026-01-13 22:49:55,264 [INFO] [DATA SPLIT] Train samples: 1337 | Val samples: 236
2026-01-13 22:49:55,320 [INFO] [DATA SPLIT] RV non-zero in train: 69
2026-01-13 22:49:55,320 [INFO] [DATA SPLIT] RV non-zero in val:   12
2026-01-13 22:49:55,321 [INFO] ✅ Validation set contains RV signal.
2026-01-13 22:51:00,255 [INFO] Starting training with TNNI3-FAPPC-DTD model (RV as binary classification).
2026-01-13 22:51:00,348 [INFO] [DATA SPLIT] Train samples: 1337 | Val samples: 236
2026-01-13 22:51:00,349 [INFO] [DATA SPLIT] RV non-zero in train: 69
2026-01-13 22:51:00,349 [INFO] [DATA SPLIT] RV non-zero in val:   12
2026-01-13 22:51:00,350 [INFO] ✅ Validation set contains RV signal.
2026-01-13 22:51:02,562 [INFO] Epoch 1/100 | Train Loss: 1.7871 | Val Loss: 1.4030
2026-01-13 22:51:02,767 [INFO] Epoch 2/100 | Train Loss: 1.2390 | Val Loss: 0.7845
2026-01-13 22:51:02,966 [INFO] Epoch 3/100 | Train Loss: 0.5816 | Val Loss: 0.3332
2026-01-13 22:51:03,221 [INFO] Epoch 4/100 | Train Loss: 0.3581 | Val Loss: 0.2265
2026-01-13 22:51:03,423 [INFO] Epoch 5/100 | Train Loss: 0.2724 | Val Loss: 0.1694
2026-01-13 22:51:03,624 [INFO] Epoch 6/100 | Train Loss: 0.2132 | Val Loss: 0.1466
2026-01-13 22:51:03,824 [INFO] Epoch 7/100 | Train Loss: 0.1896 | Val Loss: 0.1113
2026-01-13 22:51:04,027 [INFO] Epoch 8/100 | Train Loss: 0.1745 | Val Loss: 0.1058
2026-01-13 22:51:04,230 [INFO] Epoch 9/100 | Train Loss: 0.1526 | Val Loss: 0.0815
2026-01-13 22:51:04,430 [INFO] Epoch 10/100 | Train Loss: 0.1257 | Val Loss: 0.0722
2026-01-13 22:51:04,626 [INFO] Epoch 11/100 | Train Loss: 0.1306 | Val Loss: 0.0567
2026-01-13 22:51:04,827 [INFO] Epoch 12/100 | Train Loss: 0.1339 | Val Loss: 0.0688
2026-01-13 22:51:05,022 [INFO] Epoch 13/100 | Train Loss: 0.1175 | Val Loss: 0.0674
2026-01-13 22:51:05,230 [INFO] Epoch 14/100 | Train Loss: 0.0976 | Val Loss: 0.0544
2026-01-13 22:51:05,433 [INFO] Epoch 15/100 | Train Loss: 0.1055 | Val Loss: 0.0575
2026-01-13 22:51:05,638 [INFO] Epoch 16/100 | Train Loss: 0.1104 | Val Loss: 0.0562
2026-01-13 22:51:05,831 [INFO] Epoch 17/100 | Train Loss: 0.1101 | Val Loss: 0.0572
2026-01-13 22:51:06,035 [INFO] Epoch 18/100 | Train Loss: 0.1158 | Val Loss: 0.0484
2026-01-13 22:51:06,238 [INFO] Epoch 19/100 | Train Loss: 0.1049 | Val Loss: 0.0594
2026-01-13 22:51:06,433 [INFO] Epoch 20/100 | Train Loss: 0.0997 | Val Loss: 0.0493
2026-01-13 22:51:06,628 [INFO] Epoch 21/100 | Train Loss: 0.0947 | Val Loss: 0.0408
2026-01-13 22:51:06,830 [INFO] Epoch 22/100 | Train Loss: 0.0922 | Val Loss: 0.0679
2026-01-13 22:51:07,026 [INFO] Epoch 23/100 | Train Loss: 0.0914 | Val Loss: 0.0411
2026-01-13 22:51:07,221 [INFO] Epoch 24/100 | Train Loss: 0.0926 | Val Loss: 0.0358
2026-01-13 22:51:07,432 [INFO] Epoch 25/100 | Train Loss: 0.0859 | Val Loss: 0.0442
2026-01-13 22:51:07,623 [INFO] Epoch 26/100 | Train Loss: 0.0846 | Val Loss: 0.0392
2026-01-13 22:51:07,826 [INFO] Epoch 27/100 | Train Loss: 0.0917 | Val Loss: 0.0470
2026-01-13 22:51:08,025 [INFO] Epoch 28/100 | Train Loss: 0.0911 | Val Loss: 0.0469
2026-01-13 22:51:08,222 [INFO] Epoch 29/100 | Train Loss: 0.0898 | Val Loss: 0.0401
2026-01-13 22:51:08,367 [INFO] Epoch 30/100 | Train Loss: 0.0839 | Val Loss: 0.0476
2026-01-13 22:51:08,565 [INFO] Epoch 31/100 | Train Loss: 0.0885 | Val Loss: 0.0352
2026-01-13 22:51:08,830 [INFO] Epoch 32/100 | Train Loss: 0.0860 | Val Loss: 0.0351
2026-01-13 22:51:09,037 [INFO] Epoch 33/100 | Train Loss: 0.0810 | Val Loss: 0.0355
2026-01-13 22:51:09,244 [INFO] Epoch 34/100 | Train Loss: 0.0848 | Val Loss: 0.0310
2026-01-13 22:51:09,520 [INFO] Epoch 35/100 | Train Loss: 0.0725 | Val Loss: 0.0421
2026-01-13 22:51:09,665 [INFO] Epoch 36/100 | Train Loss: 0.0736 | Val Loss: 0.0380
2026-01-13 22:51:09,922 [INFO] Epoch 37/100 | Train Loss: 0.0763 | Val Loss: 0.0389
2026-01-13 22:51:10,138 [INFO] Epoch 38/100 | Train Loss: 0.0748 | Val Loss: 0.0445
2026-01-13 22:51:10,341 [INFO] Epoch 39/100 | Train Loss: 0.0845 | Val Loss: 0.0342
2026-01-13 22:51:10,541 [INFO] Epoch 40/100 | Train Loss: 0.0741 | Val Loss: 0.0333
2026-01-13 22:51:10,735 [INFO] Epoch 41/100 | Train Loss: 0.0753 | Val Loss: 0.0303
2026-01-13 22:51:10,942 [INFO] Epoch 42/100 | Train Loss: 0.0822 | Val Loss: 0.0364
2026-01-13 22:51:11,145 [INFO] Epoch 43/100 | Train Loss: 0.0838 | Val Loss: 0.0393
2026-01-13 22:51:11,341 [INFO] Epoch 44/100 | Train Loss: 0.0794 | Val Loss: 0.0284
2026-01-13 22:51:11,541 [INFO] Epoch 45/100 | Train Loss: 0.0799 | Val Loss: 0.0364
2026-01-13 22:51:11,738 [INFO] Epoch 46/100 | Train Loss: 0.0777 | Val Loss: 0.0422
2026-01-13 22:51:11,936 [INFO] Epoch 47/100 | Train Loss: 0.0814 | Val Loss: 0.0284
2026-01-13 22:51:12,143 [INFO] Epoch 48/100 | Train Loss: 0.0709 | Val Loss: 0.0352
2026-01-13 22:51:12,341 [INFO] Epoch 49/100 | Train Loss: 0.0819 | Val Loss: 0.0257
2026-01-13 22:51:12,558 [INFO] Epoch 50/100 | Train Loss: 0.0904 | Val Loss: 0.0382
2026-01-13 22:51:12,755 [INFO] Epoch 51/100 | Train Loss: 0.0803 | Val Loss: 0.0266
2026-01-13 22:51:12,949 [INFO] Epoch 52/100 | Train Loss: 0.0753 | Val Loss: 0.0306
2026-01-13 22:51:13,148 [INFO] Epoch 53/100 | Train Loss: 0.0772 | Val Loss: 0.0459
2026-01-13 22:51:13,349 [INFO] Epoch 54/100 | Train Loss: 0.0781 | Val Loss: 0.0263
2026-01-13 22:51:13,556 [INFO] Epoch 55/100 | Train Loss: 0.0792 | Val Loss: 0.0421
2026-01-13 22:51:13,754 [INFO] Epoch 56/100 | Train Loss: 0.0713 | Val Loss: 0.0357
2026-01-13 22:51:13,951 [INFO] Epoch 57/100 | Train Loss: 0.0817 | Val Loss: 0.0311
2026-01-13 22:51:14,152 [INFO] Epoch 58/100 | Train Loss: 0.0764 | Val Loss: 0.0293
2026-01-13 22:51:14,347 [INFO] Epoch 59/100 | Train Loss: 0.0674 | Val Loss: 0.0361
2026-01-13 22:51:14,551 [INFO] Epoch 60/100 | Train Loss: 0.0720 | Val Loss: 0.0218
2026-01-13 22:51:14,758 [INFO] Epoch 61/100 | Train Loss: 0.0721 | Val Loss: 0.0536
2026-01-13 22:51:15,024 [INFO] Epoch 62/100 | Train Loss: 0.0708 | Val Loss: 0.0227
2026-01-13 22:51:15,251 [INFO] Epoch 63/100 | Train Loss: 0.0640 | Val Loss: 0.0249
2026-01-13 22:51:15,523 [INFO] Epoch 64/100 | Train Loss: 0.0653 | Val Loss: 0.0254
2026-01-13 22:51:15,727 [INFO] Epoch 65/100 | Train Loss: 0.0614 | Val Loss: 0.0249
2026-01-13 22:51:15,924 [INFO] Epoch 66/100 | Train Loss: 0.0725 | Val Loss: 0.0253
2026-01-13 22:51:16,129 [INFO] Epoch 67/100 | Train Loss: 0.0681 | Val Loss: 0.0228
2026-01-13 22:51:16,329 [INFO] Epoch 68/100 | Train Loss: 0.0660 | Val Loss: 0.0175
2026-01-13 22:51:16,540 [INFO] Epoch 69/100 | Train Loss: 0.0714 | Val Loss: 0.0465
2026-01-13 22:51:16,738 [INFO] Epoch 70/100 | Train Loss: 0.0652 | Val Loss: 0.0284
2026-01-13 22:51:16,938 [INFO] Epoch 71/100 | Train Loss: 0.0751 | Val Loss: 0.0207
2026-01-13 22:51:17,132 [INFO] Epoch 72/100 | Train Loss: 0.0677 | Val Loss: 0.0360
2026-01-13 22:51:17,338 [INFO] Epoch 73/100 | Train Loss: 0.0646 | Val Loss: 0.0339
2026-01-13 22:51:17,545 [INFO] Epoch 74/100 | Train Loss: 0.0719 | Val Loss: 0.0217
2026-01-13 22:51:17,743 [INFO] Epoch 75/100 | Train Loss: 0.0628 | Val Loss: 0.0211
2026-01-13 22:51:17,946 [INFO] Epoch 76/100 | Train Loss: 0.0633 | Val Loss: 0.0342
2026-01-13 22:51:18,151 [INFO] Epoch 77/100 | Train Loss: 0.0706 | Val Loss: 0.0249
2026-01-13 22:51:18,351 [INFO] Epoch 78/100 | Train Loss: 0.0735 | Val Loss: 0.0383
2026-01-13 22:51:18,548 [INFO] Epoch 79/100 | Train Loss: 0.0627 | Val Loss: 0.0189
2026-01-13 22:51:18,748 [INFO] Epoch 80/100 | Train Loss: 0.0613 | Val Loss: 0.0214
2026-01-13 22:51:18,954 [INFO] Epoch 81/100 | Train Loss: 0.0678 | Val Loss: 0.0180
2026-01-13 22:51:19,154 [INFO] Epoch 82/100 | Train Loss: 0.0670 | Val Loss: 0.0179
2026-01-13 22:51:19,347 [INFO] Epoch 83/100 | Train Loss: 0.0628 | Val Loss: 0.0180
2026-01-13 22:51:19,347 [INFO] Early stopping triggered.
2026-01-13 22:51:19,427 [INFO] Final Val Loss: 0.0175
2026-01-13 22:51:19,427 [INFO] PV - Spearman: 0.818, Pearson: 0.996, MAE: 0.079, R²: 0.992
2026-01-13 22:51:19,428 [INFO] RV - AUC: 1.000, F1: 1.000, Acc: 1.000
